0 info it worked if it ends with ok
1 verbose cli [ '/usr/local/Cellar/node/6.7.0/bin/node',
1 verbose cli   '/usr/local/bin/npm',
1 verbose cli   'run',
1 verbose cli   'integration',
1 verbose cli   '--grep',
1 verbose cli   'creates' ]
2 info using npm@4.0.5
3 info using node@v6.7.0
4 verbose run-script [ 'preintegration', 'integration', 'postintegration' ]
5 info lifecycle @~preintegration: @
6 silly lifecycle @~preintegration: no script for preintegration, continuing
7 info lifecycle @~integration: @
8 verbose lifecycle @~integration: unsafe-perm in lifecycle true
9 verbose lifecycle @~integration: PATH: /usr/local/lib/node_modules/npm/bin/node-gyp-bin:/Users/lachlan/javascript/express/blog-api/node_modules/.bin:/Users/lachlan/.rvm/gems/ruby-2.3.0/bin:/Users/lachlan/.rvm/gems/ruby-2.3.0@global/bin:/Users/lachlan/.rvm/rubies/ruby-2.3.0/bin:/Users/lachlan/.dnx/runtimes/dnx-mono.1.0.0-beta4/bin:/Users/lachlan/.dnx/bin:/Users/lachlan/activator-dist-1.3.10/bin:/usr/local/bin:/usr/bin:/bin:/usr/sbin:/sbin:/usr/local/share/dotnet:/usr/local/mysql/bin:/Users/lachlan/.rvm/bin
10 verbose lifecycle @~integration: CWD: /Users/lachlan/javascript/express/blog-api
11 silly lifecycle @~integration: Args: [ '-c',
11 silly lifecycle   'cross-env NODE_ENV=test mocha test/integration/*.spec.js "creates"' ]
12 silly lifecycle @~integration: Returned: code: 1  signal: null
13 info lifecycle @~integration: Failed to exec integration script
14 verbose stack Error: @ integration: `cross-env NODE_ENV=test mocha test/integration/*.spec.js "creates"`
14 verbose stack Exit status 1
14 verbose stack     at EventEmitter.<anonymous> (/usr/local/lib/node_modules/npm/lib/utils/lifecycle.js:279:16)
14 verbose stack     at emitTwo (events.js:106:13)
14 verbose stack     at EventEmitter.emit (events.js:191:7)
14 verbose stack     at ChildProcess.<anonymous> (/usr/local/lib/node_modules/npm/lib/utils/spawn.js:40:14)
14 verbose stack     at emitTwo (events.js:106:13)
14 verbose stack     at ChildProcess.emit (events.js:191:7)
14 verbose stack     at maybeClose (internal/child_process.js:877:16)
14 verbose stack     at Process.ChildProcess._handle.onexit (internal/child_process.js:226:5)
15 verbose pkgid @
16 verbose cwd /Users/lachlan/javascript/express/blog-api
17 error Darwin 15.3.0
18 error argv "/usr/local/Cellar/node/6.7.0/bin/node" "/usr/local/bin/npm" "run" "integration" "--grep" "creates"
19 error node v6.7.0
20 error npm  v4.0.5
21 error code ELIFECYCLE
22 error @ integration: `cross-env NODE_ENV=test mocha test/integration/*.spec.js "creates"`
22 error Exit status 1
23 error Failed at the @ integration script 'cross-env NODE_ENV=test mocha test/integration/*.spec.js "creates"'.
23 error Make sure you have the latest version of node.js and npm installed.
23 error If you do, this is most likely a problem with the  package,
23 error not with npm itself.
23 error Tell the author that this fails on your system:
23 error     cross-env NODE_ENV=test mocha test/integration/*.spec.js "creates"
23 error You can get information on how to open an issue for this project with:
23 error     npm bugs
23 error Or if that isn't available, you can get their info via:
23 error     npm owner ls
23 error There is likely additional logging output above.
24 verbose exit [ 1, true ]
